{
  "stats": {
    "suites": 1,
    "tests": 2,
    "passes": 1,
    "pending": 0,
    "failures": 1,
    "start": "2024-02-19T06:57:12.423Z",
    "end": "2024-02-19T06:58:52.360Z",
    "duration": 99937,
    "testsRegistered": 7,
    "passPercent": 14.285714285714285,
    "pendingPercent": 0,
    "other": 0,
    "hasOther": false,
    "skipped": 5,
    "hasSkipped": true
  },
  "results": [
    {
      "uuid": "e2b25c93-5d6e-404e-a483-8dd7cfea43ac",
      "title": "",
      "fullFile": "cypress\\e2e\\integration\\ui\\tests\\productSpec.cy.js",
      "file": "cypress\\e2e\\integration\\ui\\tests\\productSpec.cy.js",
      "beforeHooks": [],
      "afterHooks": [],
      "tests": [],
      "suites": [
        {
          "uuid": "4bac34eb-9976-4b48-9330-9ff1b03398a4",
          "title": "Product Test",
          "fullFile": "",
          "file": "",
          "beforeHooks": [],
          "afterHooks": [],
          "tests": [
            {
              "title": "Intial Presentation of Product Page",
              "fullTitle": "Product Test Intial Presentation of Product Page",
              "timedOut": null,
              "duration": 33286,
              "state": "passed",
              "speed": "slow",
              "pass": true,
              "fail": false,
              "pending": false,
              "context": null,
              "code": "// assertions        \ncy.url().should('eq', baseUrl + 'inventory.html');\ncy.get(_productPage.default.icnCart).should('be.visible');\ncy.get(_productPage.default.icnMenu).should('be.visible');\ncy.get(_productPage.default.lblTitle).should('be.visible');\ncy.get(_productPage.default.drpSort).should('be.visible');\n_productPage.default.countInventoryItems();\n_productPage.default.verifyInventoryItemName('Sauce Labs Backpack');\n_productPage.default.verifyInventoryItemDescription('carry.allTheThings() with the sleek, streamlined Sly Pack that melds uncompromising style with unequaled laptop and tablet protection.');\n_productPage.default.verifyInventoryItemPrice('$29.99');\ncy.get(_productPage.default.btnAddToCartBackPack).should('be.visible');\n_productPage.default.verifyInventoryItemName('Sauce Labs Bike Light');\n_productPage.default.verifyInventoryItemDescription('A red light isn' + 't the desired state in testing but it sure helps when riding your bike at night. Water-resistant with 3 lighting modes, 1 AAA battery included.');\n_productPage.default.verifyInventoryItemPrice('$9.99');\ncy.get(_productPage.default.btnAddToCartBikeLight).should('be.visible');\n_productPage.default.verifyInventoryItemName('Sauce Labs Bolt T-Shirt');\n_productPage.default.verifyInventoryItemDescription('Get your testing superhero on with the Sauce Labs bolt T-shirt. From American Apparel, 100% ringspun combed cotton, heather gray with red bolt.');\n_productPage.default.verifyInventoryItemPrice('$15.99');\ncy.get(_productPage.default.btnAddToCartTShirt).should('be.visible');\n_productPage.default.verifyInventoryItemName('Sauce Labs Fleece Jacket');\n_productPage.default.verifyInventoryItemDescription('It' + 's not every day that you come across a midweight quarter-zip fleece jacket capable of handling everything from a relaxing day outdoors to a busy day at the office.');\n_productPage.default.verifyInventoryItemPrice('$49.99');\ncy.get(_productPage.default.btnAddToCartJacket).should('be.visible');\n_productPage.default.verifyInventoryItemName('Sauce Labs Onesie');\n_productPage.default.verifyInventoryItemDescription('Rib snap infant onesie for the junior automation engineer in development. Reinforced 3-snap bottom closure, two-needle hemmed sleeved and bottom won' + 't unravel.');\n_productPage.default.verifyInventoryItemPrice('$7.99');\ncy.get(_productPage.default.btnAddToCartOnesie).should('be.visible');\n_productPage.default.verifyInventoryItemName('Test.allTheThings() T-Shirt (Red)');\n_productPage.default.verifyInventoryItemDescription('This classic Sauce Labs t-shirt is perfect to wear when cozying up to your keyboard to automate a few tests. Super-soft and comfy ringspun combed cotton.');\n_productPage.default.verifyInventoryItemPrice('$15.99');\ncy.get(_productPage.default.btnAddToCartRedTShirt).should('be.visible');",
              "err": {},
              "uuid": "0d157438-e96a-47fc-9502-7c801eda3767",
              "parentUUID": "4bac34eb-9976-4b48-9330-9ff1b03398a4",
              "isHook": false,
              "skipped": false
            },
            {
              "title": "Verify that the product page displays a list of available products",
              "fullTitle": "Product Test Verify that the product page displays a list of available products",
              "timedOut": null,
              "duration": 60345,
              "state": "failed",
              "speed": null,
              "pass": false,
              "fail": true,
              "pending": false,
              "context": null,
              "code": "// assertions        \ncy.url().should('eq', baseUrl + 'inventory.html');\n_productPage.default.countInventoryItems();",
              "err": {
                "message": "CypressError: Timed out after waiting `60000ms` for your remote page to load.\n\nYour page did not fire its `load` event within `60000ms`.\n\nYou can try increasing the `pageLoadTimeout` value in `cypress.config.js` to wait longer.\n\nBrowsers will not fire the `load` event until all stylesheets and scripts are done downloading.\n\nWhen this `load` event occurs, Cypress will continue running commands.\n\nBecause this error occurred during a `before each` hook we are skipping the remaining tests in the current suite: `Product Test`",
                "estack": "CypressError: Timed out after waiting `60000ms` for your remote page to load.\n\nYour page did not fire its `load` event within `60000ms`.\n\nYou can try increasing the `pageLoadTimeout` value in `cypress.config.js` to wait longer.\n\nBrowsers will not fire the `load` event until all stylesheets and scripts are done downloading.\n\nWhen this `load` event occurs, Cypress will continue running commands.\n\nBecause this error occurred during a `before each` hook we are skipping the remaining tests in the current suite: `Product Test`\n    at timedOutWaitingForPageLoad (https://www.saucedemo.com/__cypress/runner/cypress_runner.js:130005:64)\n    at <unknown> (https://www.saucedemo.com/__cypress/runner/cypress_runner.js:130991:16)\n    at tryCatcher (https://www.saucedemo.com/__cypress/runner/cypress_runner.js:1807:23)\n    at <unknown> (https://www.saucedemo.com/__cypress/runner/cypress_runner.js:4186:41)\n    at tryCatcher (https://www.saucedemo.com/__cypress/runner/cypress_runner.js:1807:23)\n    at Promise._settlePromiseFromHandler (https://www.saucedemo.com/__cypress/runner/cypress_runner.js:1519:31)\n    at Promise._settlePromise (https://www.saucedemo.com/__cypress/runner/cypress_runner.js:1576:18)\n    at Promise._settlePromise0 (https://www.saucedemo.com/__cypress/runner/cypress_runner.js:1621:10)\n    at Promise._settlePromises (https://www.saucedemo.com/__cypress/runner/cypress_runner.js:1697:18)\n    at _drainQueueStep (https://www.saucedemo.com/__cypress/runner/cypress_runner.js:2407:12)\n    at _drainQueue (https://www.saucedemo.com/__cypress/runner/cypress_runner.js:2400:9)\n    at Async._drainQueues (https://www.saucedemo.com/__cypress/runner/cypress_runner.js:2416:5)\n    at Async.drainQueues (https://www.saucedemo.com/__cypress/runner/cypress_runner.js:2286:14)\nFrom Your Spec Code:\n    at Context.eval (webpack:///./cypress/e2e/integration/ui/tests/productSpec.cy.js:9:11)",
                "diff": null
              },
              "uuid": "37940013-2571-43c8-a75c-5b6d114a5947",
              "parentUUID": "4bac34eb-9976-4b48-9330-9ff1b03398a4",
              "isHook": false,
              "skipped": false
            },
            {
              "title": "Verify Item Sorted in Name [A to Z]",
              "fullTitle": "Product Test Verify Item Sorted in Name [A to Z]",
              "timedOut": null,
              "duration": 0,
              "state": "skipped",
              "speed": null,
              "pass": false,
              "fail": false,
              "pending": false,
              "context": null,
              "code": "// assertions\ncy.url().should('eq', baseUrl + 'inventory.html');\ncy.get(_productPage.default.drpSort).should('exist');\ncy.get(_productPage.default.drpSort).contains('Name (A to Z)');\n_productPage.default.verifyAlphabaticalSortAtoZ();",
              "err": {},
              "uuid": "56faa6c4-52cb-4084-b917-d4c2f9b63a92",
              "parentUUID": "4bac34eb-9976-4b48-9330-9ff1b03398a4",
              "isHook": false,
              "skipped": true
            },
            {
              "title": "Verify Item Sorted in Name [Z to A]",
              "fullTitle": "Product Test Verify Item Sorted in Name [Z to A]",
              "timedOut": null,
              "duration": 0,
              "state": "skipped",
              "speed": null,
              "pass": false,
              "fail": false,
              "pending": false,
              "context": null,
              "code": "// assertions\ncy.url().should('eq', baseUrl + 'inventory.html');\ncy.get(_productPage.default.drpSort).should('exist');\ncy.get(_productPage.default.drpSort).contains('Name (A to Z)');\n// actions\ncy.get(_productPage.default.drpSort).select('Name (Z to A)');\n// assertions\ncy.get(_productPage.default.drpSort).contains('Name (Z to A)');\n_productPage.default.verifyAlphabaticalSortZtoA();",
              "err": {},
              "uuid": "9f26b815-5981-4cc8-ad9a-16e784200f20",
              "parentUUID": "4bac34eb-9976-4b48-9330-9ff1b03398a4",
              "isHook": false,
              "skipped": true
            },
            {
              "title": "Verify Item Sorted in Price [low to high]",
              "fullTitle": "Product Test Verify Item Sorted in Price [low to high]",
              "timedOut": null,
              "duration": 0,
              "state": "skipped",
              "speed": null,
              "pass": false,
              "fail": false,
              "pending": false,
              "context": null,
              "code": "// assertions\ncy.url().should('eq', baseUrl + 'inventory.html');\ncy.get(_productPage.default.drpSort).should('exist');\ncy.get(_productPage.default.drpSort).contains('Name (A to Z)');\n// actions\ncy.get(_productPage.default.drpSort).select('Price (low to high)');\n// assertions\ncy.get(_productPage.default.drpSort).contains('Price (low to high)');\n_productPage.default.verifyAscendingSort();",
              "err": {},
              "uuid": "deebd3bc-b2de-4d09-a44c-97b9a1da9300",
              "parentUUID": "4bac34eb-9976-4b48-9330-9ff1b03398a4",
              "isHook": false,
              "skipped": true
            },
            {
              "title": "Verify Item Sorted in Price [high to low]",
              "fullTitle": "Product Test Verify Item Sorted in Price [high to low]",
              "timedOut": null,
              "duration": 0,
              "state": "skipped",
              "speed": null,
              "pass": false,
              "fail": false,
              "pending": false,
              "context": null,
              "code": "// assertions\ncy.url().should('eq', baseUrl + 'inventory.html');\ncy.get(_productPage.default.drpSort).should('exist');\ncy.get(_productPage.default.drpSort).contains('Name (A to Z)');\n// actions\ncy.get(_productPage.default.drpSort).select('Price (high to low)');\n// assertions\ncy.get(_productPage.default.drpSort).contains('Price (high to low)');\n_productPage.default.verifyDescendingSort();",
              "err": {},
              "uuid": "c99bc209-844f-4786-ac4e-6d79c7442f68",
              "parentUUID": "4bac34eb-9976-4b48-9330-9ff1b03398a4",
              "isHook": false,
              "skipped": true
            },
            {
              "title": "Verify on clicking All items it should stay on product page",
              "fullTitle": "Product Test Verify on clicking All items it should stay on product page",
              "timedOut": null,
              "duration": 0,
              "state": "skipped",
              "speed": null,
              "pass": false,
              "fail": false,
              "pending": false,
              "context": null,
              "code": "// assertions\ncy.url().should('eq', baseUrl + 'inventory.html');\n// actions\ncy.get(_menuPage.default.icnMenu).click();\ncy.get(_menuPage.default.itemMenu).contains('All Items').click();\n// assertions\ncy.url().should('eq', baseUrl + 'inventory.html');",
              "err": {},
              "uuid": "41155b6a-636a-4040-99ab-83cee5b34249",
              "parentUUID": "4bac34eb-9976-4b48-9330-9ff1b03398a4",
              "isHook": false,
              "skipped": true
            }
          ],
          "suites": [],
          "passes": [
            "0d157438-e96a-47fc-9502-7c801eda3767"
          ],
          "failures": [
            "37940013-2571-43c8-a75c-5b6d114a5947"
          ],
          "pending": [],
          "skipped": [
            "56faa6c4-52cb-4084-b917-d4c2f9b63a92",
            "9f26b815-5981-4cc8-ad9a-16e784200f20",
            "deebd3bc-b2de-4d09-a44c-97b9a1da9300",
            "c99bc209-844f-4786-ac4e-6d79c7442f68",
            "41155b6a-636a-4040-99ab-83cee5b34249"
          ],
          "duration": 93631,
          "root": false,
          "rootEmpty": false,
          "_timeout": 2000
        }
      ],
      "passes": [],
      "failures": [],
      "pending": [],
      "skipped": [],
      "duration": 0,
      "root": true,
      "rootEmpty": true,
      "_timeout": 2000
    }
  ],
  "meta": {
    "mocha": {
      "version": "7.0.1"
    },
    "mochawesome": {
      "options": {
        "quiet": false,
        "reportFilename": "mochawesome",
        "saveHtml": true,
        "saveJson": true,
        "consoleReporter": "spec",
        "useInlineDiffs": false,
        "code": true
      },
      "version": "7.1.3"
    },
    "marge": {
      "options": null,
      "version": "6.2.0"
    }
  }
}